# SYNTAX TEST "Packages/PHPUnitKit/res/text-ui-result.sublime-syntax"

PHPUnit 4.8.25 by Sebastian Bergmann and contributors.

Runtime:    PHP 5.5.9 with Xdebug 2.2.3
Configuration:  /path/to/project/phpunit.xml.dist

.
#<- test.progress.success.phpunit-result

E
#<- test.progress.error.phpunit-result

F
#<- test.progress.failure.phpunit-result

I
#<- test.progress.incomplete.phpunit-result

R
#<- test.progress.risky.phpunit-result

S
#<- test.progress.skipped.phpunit-result

W
#<- test.progress.warning.phpunit-result

.EFIRSW
#<- test.progress.success.phpunit-result
#^ test.progress.error.phpunit-result
# ^ test.progress.failure.phpunit-result
#  ^ test.progress.incomplete.phpunit-result
#   ^ test.progress.risky.phpunit-result
#    ^ test.progress.skipped.phpunit-result
#     ^ test.progress.warning.phpunit-result
..
#<- test.progress.success.phpunit-result
#^ test.progress.success.phpunit-result
.......
#<- test.progress.success.phpunit-result
#^^^^^^ test.progress.success.phpunit-result

F..S...W..E.
#<- test.progress.failure.phpunit-result
#^^ test.progress.success.phpunit-result
#  ^ test.progress.skipped.phpunit-result
#   ^^^ test.progress.success.phpunit-result
#      ^ test.progress.warning.phpunit-result
#       ^^ test.progress.success.phpunit-result
#         ^ test.progress.error.phpunit-result
#          ^ test.progress.success.phpunit-result

......F.......S.hello!R.                                                18 / 18 (100%)
# ^^^^ test.progress.success.phpunit-result
#     ^ test.progress.failure.phpunit-result
#      ^^^^^^^ test.progress.success.phpunit-result
#             ^ test.progress.skipped.phpunit-result
#              ^ test.progress.success.phpunit-result
#                     ^ test.progress.risky.phpunit-result
#                      ^ test.progress.success.phpunit-result

FF........................                                        26 / 26 (100%)
#<- test.progress.failure.phpunit-result
#^ test.progress.failure.phpunit-result

Time: 385 ms, Memory: 5.50MB

OK (45 tests, 81 assertions)
#<- region.greenish phpunitkit test.footer.ok.phpunit-result
#^^^^^^^^^^^^^^^^^^^^^^^^^^^ region.greenish phpunitkit test.footer.ok.phpunit-result

No tests executed!
#<- region.orangish phpunitkit test.footer.none-executed.phpunit-result
#^^^^^^^^^^^^^^^^^ region.orangish phpunitkit test.footer.none-executed.phpunit-result

OK, but incomplete, skipped, or risky tests!
#<- region.orangish phpunitkit test.footer.ok-but-incomplete-skipped-or-risky.phpunit-result
#^^^^^^^^^^^^^^^^^^^^^^^^^^^^^^^^^^^^^^^^^^^ region.orangish phpunitkit test.footer.ok-but-incomplete-skipped-or-risky.phpunit-result
Tests: 1, Assertions: 0, Skipped: 1.
#<- region.orangish phpunitkit test.footer.ok-but-incomplete-skipped-or-risky.phpunit-result
#^^^^^^^^^^^^^^^^^^^^^^^^^^^^^^^^^^^ region.orangish phpunitkit test.footer.ok-but-incomplete-skipped-or-risky.phpunit-result

FAILURES!
#<- region.redish phpunitkit test.footer.fail.phpunit-result
#^^^^^^^^ region.redish phpunitkit test.footer.fail.phpunit-result
Tests: 46, Assertions: 82, Failures: 2.
#<- region.redish phpunitkit test.footer.fail.phpunit-result
#^^^^^^^^^^^^^^^^^^^^^^^^^^^^^^^^^^^^^^ region.redish phpunitkit test.footer.fail.phpunit-result

ERRORS!
#<- region.redish phpunitkit test.footer.error.phpunit-result
#^^^^^^ region.redish phpunitkit test.footer.error.phpunit-result
Tests: 6, Assertions: 5, Errors: 1.
#<- region.redish phpunitkit test.footer.error.phpunit-result
#^^^^^^^^^^^^^^^^^^^^^^^^^^^^^^^^^^ region.redish phpunitkit test.footer.error.phpunit-result

ERRORS!
#<- region.redish phpunitkit test.footer.error.phpunit-result
#^^^^^^ region.redish phpunitkit test.footer.error.phpunit-result
Tests: 18, Assertions: 16, Errors: 1, Skipped: 1, Risky: 1.
#<- region.redish phpunitkit test.footer.error.phpunit-result
#^^^^^^^^^^^^^^^^^^^^^^^^^^^^^^^^^^^^^^^^^^^^^^^^^^^^^^^^^^ region.redish phpunitkit test.footer.error.phpunit-result

WARNINGS!
#<- region.orangish phpunitkit test.footer.warn.phpunit-result
#^^^^^^ region.orangish phpunitkit test.footer.warn.phpunit-result
Tests: 1, Assertions: 0, Warnings: 1.
#<- region.orangish phpunitkit test.footer.warn.phpunit-result
#^^^^^^^^^^^^^^^^^^^^^^^^^^^^^^^^^^^^ region.orangish phpunitkit test.footer.warn.phpunit-result

There was 1 failure:

1) AppNamespace\AppName\MethodTest::annotated_underscore_test_method
Failed asserting that two arrays are equal.
--- Expected
#   ^^^^^^^^ meta.diff
+++ Actual
#   ^^^^^^ meta.diff
@@ @@
 Array (
-    0 => 'expected'
#    ^ markup.deleted.diff
#      ^^ markup.deleted.diff
#         ^^^^^^^^^^ markup.deleted.diff
+    0 => 'actual'
#    ^ markup.inserted.diff
#      ^^ markup.inserted.diff
#         ^^^^^^^^ markup.inserted.diff

/home/code/projects/vendor/name/test/MethodTest.php:22

--
#<- comment
#^ comment

There was 1 risky test:

1) AppNamespace\AppName\RiskyTest::testReportUselessTests
This test did not perform any assertions

--
#<- comment
#^ comment

There was 1 skipped test:

1) App\AppName\RiskyTest::testSkip
skipped



                                Artisan
================================================================================

   FAIL  Path\To\ClassTest
# ^^^^^^ region.redish
  ⨯ test fail title                                                      0.65s
# ^ markup.deleted
  ✓ test pass title                                                      0.02s
# ^ markup.inserted

   DEPR  ClassTest
# ^^^^^^ region.orangish
  ! create fixture → Creation of dynamic property TheClassTest::$fixtur… 0.17s
# ^ markup.changed

   PASS  Path\To\ClassTest
# ^^^^^^ region.greenish
  ✓ test pass title                                                      0.12s
# ^ markup.inserted

  ────────────────────────────────────────────────────────────────────────────
   FAILED  Path\To\Class\XXXXXXXXXXXXXXXXXXXXXXXXXXXXXXXXXXXXXXXXXXXX…
# ^^^^^^^^ region.redish
   FAILED  Path\To\Class\XXXXXXXXXXXXXXXXXXXXXXXXXXXXXXXXXXXXXXXXXXXX…  Error
# ^^^^^^^^ region.redish
#                                                                      ^^^^^^ region.redish
  Call to undefined method PHPUnit\Framework\MockObject\Builder\InvocationMocker::withConsecutive()

  ───────────────────────────────────────────────────────────────────────────────────────────────────────────────────────────
   FAILED  Path\To\Class\XXXXXXXXXXXXXXXXXXXXXXXXXXXXXXXXXXXXXXXXXXXX…  Error
# ^^^^^^^^ region.redish
#                                                                      ^^^^^^ region.redish
  Call to undefined method PHPUnit\Framework\MockObject\Builder\InvocationMocker::withConsecutive()

  at path/to/some/class/xxxxxxxxxxxxxxxxxxxxxxxxxxxxxxxxxxxxxxxxxxxxxxxxxxx/ClassTest.php:74
#    ^^^ entity.name.filename
#                                                                                         ^^ constant.numeric.line-number
     70▕         $abcd->variabl = ['xy' => 123, 'abcd' => 'x', 'abcdefghi' => 123];
     71▕
     72▕         $abcd->abcdefghi->jklmnop($this->exactly(2))
     73▕             ->method('abcdefghijklmnopqrstuvwxyzab')
  ➜  74▕             ->withConsecutive(
# ^ markup.deleted
     75▕                 [$this->identicalTo(123), 'abcdefgh'],
     76▕                 [$this->identicalTo(456), 'abcdefgh'],
     77▕             )->willReturn($abcd, $efgh);
     78▕

  1   path/To/Class/XXXXXXXXXXXXXXXXXXXXXXXXXXXXXXXXXXXXXXXXXXXXXXXXXXXXXXXX/ClassTest.php:74

  Tests:    28 deprecated, 3 failed, 341 passed (867 assertions)
#           ^^^^^^^^^^^^^ markup.changed
#                          ^^^^^^^^ markup.deleted
#                                    ^^^^^^^^^^ markup.inserted
  Duration: 22.41s


                                Pest
================================================================================

   PASS  BasicTest
# ^^^^^^ region.greenish
  ✓ one
# ^ markup.inserted
  ✓ two
  - skip
# ^ markup.changed
  ✓ three
  ✓ four

   FAIL  BasicTest
# ^^^^^^ region.redish phpunitkit test.footer.fail.phpunit-result
  ⨯ one
# ^ markup.deleted
  ✓ six

  ---

  • BasicTest > one
   PHPUnit\Framework\ExceptionWrapper

  Undefined variable $b

  at test/unit/BasicTest.php:12
      8▕     }
      9▕
     10▕     public function testOne()
     11▕     {
  ➜  12▕         $b = $b;
# ^ markup.deleted
     13▕         $this->assertTrue(true);
     14▕     }
     15▕
     16▕     public function foobar2()

  ✓ x debug
hello!
   WARN  GerardRoche\SublimePHPUnitKitTesting\RiskyTest
# ^^^^^^ region.orangish phpunitkit test.footer.warn.phpunit-result
  ✓ disallow todo tests

  Tests:  1 failed, 1 incomplete, 1 skipped, 24 passed, 2 pending
#         ^^^^^^^^ markup.deleted
#                   ^^^^^^^^^^^^ markup.changed
#                                 ^^^^^^^^^ markup.changed
#                                            ^^^^^^^^^ markup.inserted
  Time:   0.04s
